<?xml version="1.0" encoding="UTF-8"?>
<!-- Generated by org.testng.reporters.JUnitXMLReporter -->
<testsuite ignored="0" hostname="TYSS-Apoorva" failures="1" tests="16" name="Surefire test" time="147.756" errors="0" timestamp="2024-04-01T15:35:54 IST">
  <testcase classname="IntigrationTestCase.Tc_demo_001_Test" name="run" time="9.874">
    <failure type="java.lang.NullPointerException" message="null value in entry: url=null">
      <![CDATA[java.lang.NullPointerException: null value in entry: url=null
at com.google.common.collect.CollectPreconditions.checkEntryNotNull(CollectPreconditions.java:33)
at com.google.common.collect.SingletonImmutableBiMap.<init>(SingletonImmutableBiMap.java:43)
at com.google.common.collect.ImmutableBiMap.of(ImmutableBiMap.java:83)
at com.google.common.collect.ImmutableMap.of(ImmutableMap.java:130)
at org.openqa.selenium.remote.DriverCommand.GET(DriverCommand.java:191)
at org.openqa.selenium.remote.RemoteWebDriver.get(RemoteWebDriver.java:304)
at IntigrationTestCase.Tc_demo_001_Test.run(Tc_demo_001_Test.java:18)
at java.base/java.util.ArrayList.forEach(ArrayList.java:1541)
... Removed 32 stack frames]]>
    </failure>
  </testcase> <!-- run -->
  <testcase classname="IntigrationTestCase.To_Iaunch_Lorealparis_Test" name="lorealparis" time="10.301"/>
  <testcase classname="IntigrationTestCase.To_launch_Lakme_Test" name="lakmeindia" time="16.066"/>
  <testcase classname="IntigrationTestCase.To_launch_Maybelline_Test" name="maybelline" time="12.214"/>
  <testcase classname="IntigrationTestCase.To_launch_Purplle_Test" name="purplle" time="2.775"/>
  <testcase classname="IntigrationTestCase.To_launch_Sugar_Test" name="sugar" time="2.576"/>
  <testcase classname="smokeTestCase.To_launch_Ajio_Test" name="ajioApp" time="15.756"/>
  <testcase classname="smokeTestCase.To_launch_DemoWebshop_Test" name="demoWebshop" time="8.16"/>
  <testcase classname="smokeTestCase.To_launch_Flipcart_Test" name="flipcart" time="7.032"/>
  <testcase classname="smokeTestCase.To_launch_Meesho_Test" name="meesho" time="3.176"/>
  <testcase classname="smokeTestCase.To_launch_Myntra_Test" name="myntra" time="4.795"/>
  <testcase classname="systemTestCase.To_launch_Apple_Test" name="apple" time="13.11"/>
  <testcase classname="systemTestCase.To_launch_Mi_Test" name="mi" time="9.278"/>
  <testcase classname="systemTestCase.To_launch_Motorola_Test" name="motorola" time="5.573"/>
  <testcase classname="systemTestCase.To_launch_Poco_Test" name="poco" time="16.96"/>
  <testcase classname="systemTestCase.To_launch_Samsung_Test" name="samsung" time="10.015"/>
</testsuite> <!-- Surefire test -->
